         w __deregister_frame_info
         w __register_frame_info
         w userAppExit
         w userAppInit
00000000 00000802 B __ctru_dev_utf16_buf
00000000 b _TLS_MODULE_BASE_
00000000 a shift
00000000 a shift
00000804 00000401 B __ctru_dev_path_buf
00100000 A __start__
00100000 T _start
00100008 T __service_ptr
0010000c T __apt_appid
00100010 T __heap_size
00100014 T __linear_heap_size
00100018 T __system_arglist
0010001c T __system_runflags
00100020 t startup
00100058 t ClearMem
0010006c t ClrLoop
00100094 T _init
001000ac T __aeabi_idiv
001000ac 00000220 T __divsi3
001000b4 t .divsi3_skip_div0_test
001002cc 00000020 T __aeabi_idivmod
001002ec 00000004 W __aeabi_idiv0
001002ec 00000004 W __aeabi_ldiv0
001002f0 T __aeabi_ldivmod
001003c4 T __aeabi_uldivmod
00100408 00000390 T strcmp
00100790 t .udivsi3_skip_div0_test
00100790 T __aeabi_uidiv
00100790 000001ec T __udivsi3
0010097c 00000020 T __aeabi_uidivmod
0010099c t __do_global_dtors_aux
001009dc t frame_dummy
00100a08 00000084 T Setup()
00100a8c 0000011c T Draw()
00100ba8 000000f4 T Input()
00100c9c 000001c4 T Logic()
00100e60 00000064 T main
00100ec4 0000051c t consoleHandleColorEsc
001013e0 000000b8 t consoleColorStateShift
00101498 000001ac T consoleDrawChar
00101644 00000124 T consolePrintChar
00101768 000006f4 T con_write
00101e5c 000000fc t newRow
00101f58 0000018c T consoleInit
001020e4 000000b8 T consoleClear
0010219c 000000d0 t gfxPresentFramebuffer
0010226c 0000001c T gfxIsWide
00102288 000000ec T gfxSetScreenFormat
00102374 00000010 T gfxSetDoubleBuffering
00102384 000000e0 T gfxInit
00102464 00000010 T gfxInitDefault
00102474 000000b4 T gfxExit
00102528 000000a0 T gfxGetFramebuffer
001025c8 00000104 T gfxFlushBuffers
001026cc 00000050 T gfxSwapBuffersGpu
0010271c 000001ac t aptConvertScreenForCapture
001028c8 00000008 W aptDspSleep
001028d0 00000004 W aptDspWakeup
001028d4 00000004 W aptDspCancel
001028d8 00000158 T aptSendCommand
00102a30 00000044 t aptExitProcess
00102a74 0000038c T aptExit
00102e00 000000e0 T aptHandleSleep
00102ee0 00000084 T APT_SleepIfShellClosed
00102f64 00000084 T aptSetSleepAllowed
00102fe8 00000084 T APT_UnlockTransition
00103070 000004a4 t aptEventHandler
00103514 000000b0 T APT_ReceiveParameter
001035c4 000000ac t aptReceiveParameter.constprop.0
00103670 000002ac t aptScreenTransfer
0010391c 00000320 t aptWaitForWakeUp.isra.0
00103c3c 000000f8 T aptJumpToHomeMenu
00103d34 00000048 T aptMainLoop
00103d7c 0000022c T aptInit
00103fa8 0000007c T APT_CheckNew3DS
00104024 00000c64 t gspHardwareInit
00104c88 00000248 T gspInit
00104ed0 000000f0 T gspExit
00104fc0 00000010 T gspHasGpuRight
00104fd0 000000a0 T gspPresentBuffer
00105070 00000044 T gspWaitForEvent
001050b4 00000004 W gxCmdQueueInterrupt
001050b8 00000158 t gspEventThreadMain
00105210 00000050 T GSPGPU_FlushDataCache
00105260 00000034 T GSPGPU_SetLcdForceBlack
00105294 00000068 T GSPGPU_AcquireRight
001052fc 00000048 T GSPGPU_ReleaseRight
00105344 0000007c T GSPGPU_ImportDisplayCaptureInfo
001053c0 0000002c T GSPGPU_SaveVramSysArea
001053ec 0000002c T GSPGPU_RestoreVramSysArea
00105418 00000024 W hidShouldUseIrrst
0010543c 0000018c T hidInit
001055c8 000000e8 T hidExit
001056b0 000002a4 T hidScanInput
00105954 00000010 T hidKeysDown
00105964 00000160 T irrstInit
00105ac4 000000cc T irrstExit
00105b90 000000b4 T irrstScanInput
00105c44 00000024 T irrstKeysHeld
00105c68 00000038 W __libctru_init
00105ca0 00000170 W __system_initArgv
00105e10 00000030 T __syscall_getreent
00105e40 00000064 T __syscall_gettod_r
00105ea4 00000004 T __syscall_lock_acquire
00105ea8 00000004 T __syscall_lock_release
00105eac 00000004 T __syscall_lock_acquire_recursive
00105eb0 00000004 T __syscall_lock_release_recursive
00105eb4 00000004 T __syscall_exit
00105eb8 00000050 T initThreadVars
00105f08 00000080 T __system_initSyscalls
00105f88 T svcControlMemory
00105fa8 T svcQueryMemory
00105fd8 T svcExitProcess
00105fe0 T svcCreateThread
00106000 T svcExitThread
00106008 T svcSleepThread
00106010 T svcReleaseMutex
00106018 T svcCreateEvent
0010602c T svcSignalEvent
00106034 T svcClearEvent
0010603c T svcMapMemoryBlock
00106044 T svcUnmapMemoryBlock
0010604c T svcCreateAddressArbiter
00106060 T svcArbitrateAddressNoTimeout
00106068 T svcCloseHandle
00106070 T svcWaitSynchronization
00106078 T svcWaitSynchronizationN
001060a0 T svcDuplicateHandle
001060b4 T svcGetSystemTick
001060bc T svcConnectToPort
001060d0 T svcSendSyncRequest
001060d8 T svcGetResourceLimit
001060ec T svcGetResourceLimitLimitValues
001060f4 T svcGetResourceLimitCurrentValues
001060fc T svcBreak
00106104 W initSystem
00106154 W __ctru_exit
00106168 00000024 t addrMapNodeComparator(rbtree_node const*, rbtree_node const*)
0010618c 00000004 t addrMapNodeDestructor(rbtree_node*)
00106190 00000120 T linearMemAlign
001062b0 00000008 T linearAlloc
001062b8 0000005c T linearFree
00106314 00000080 T MemPool::CoalesceRight(MemBlock*)
00106394 0000016c T MemPool::Allocate(MemChunk&, unsigned long, int)
00106500 000000fc T MemPool::Deallocate(MemChunk const&)
001065fc 00000030 T MemPool::GetFreeSpace()
0010662c 00000024 t addrMapNodeComparator(rbtree_node const*, rbtree_node const*)
00106650 00000004 t addrMapNodeDestructor(rbtree_node*)
00106654 0000024c T vramMemAlignAt
001068a0 0000000c T vramAlloc
001068ac 00000090 T vramFree
0010693c 00000084 W envGetHandle
001069c0 00000050 W envDestroyHandles
00106a10 00000054 T osGetTimeRef
00106a64 000000ec T osGetTime
00106b50 00000034 T __ctru_speedup_config
00106b84 0000012c T srvInit
00106cb0 00000058 T srvExit
00106d08 00000060 T srvEnableNotification
00106d68 000000a0 T srvGetServiceHandleDirect
00106e08 00000038 T srvGetServiceHandle
00106e40 00000034 T srvSubscribe
00106e74 00000060 T srvReceiveNotification
00106ed4 00000038 T srvPublishToSubscriber
00106f0c 0000000c T __sync_init
00106f18 00000018 T __sync_fini
00106f30 0000002c T syncArbitrateAddress
00106f5c 000000ac T LightLock_Lock
00107008 00000040 T LightLock_Unlock
00107048 00000030 T RecursiveLock_Lock
00107078 00000054 T RecursiveLock_Unlock
001070cc 00000040 T LightEvent_Init
0010710c 000000a4 T LightEvent_Clear
001071b0 000000c8 T LightEvent_Signal
00107278 00000050 T LightEvent_TryWait
001072c8 000000a0 T LightEvent_Wait
00107368 000001d8 T threadCreate
00107540 0000002c T threadFree
0010756c 00000024 T threadJoin
00107590 00000030 T threadGetCurrent
001075c0 00000040 T threadExit
00107600 00000020 t _thread_begin
00107620 000000b4 t mappableFindAddressWithin
001076d4 00000028 T mappableInit
001076fc 00000080 T mappableAlloc
0010777c 00000004 T mappableFree
00107780 00000074 T ptmSysmInit
001077f4 0000003c T ptmSysmExit
00107830 00000034 T PTMSYSM_ConfigureNew3DSCPU
00107864 0000000c T srvPmGetSessionHandle
00107870 00000074 T rbtree_find
001078e4 00000010 T rbtree_init
001078f4 000001b0 t do_insert
00107aa4 00000008 T rbtree_insert
00107aac 00000318 T rbtree_remove
00107dc4 00000090 T rbtree_rotate
00107e58 000001e0 W __system_allocateHeaps
00108038 00000030 W __appExit
00108068 00000030 W __appInit
00108098 00000090 W __libctru_exit
00108128 00000014 t archive_link
0010813c 00000014 t archive_dirreset
00108150 00000014 t archive_chmod
00108164 00000024 t error_cmp
00108188 00000050 t archive_translate_error
001081d8 000000c8 t archive_seek
001082a0 0000007c t _archiveInit.part.0
0010831c 000000c4 t archiveFindDevice.part.0
001083e0 00000280 t archive_utf16path
00108660 0000009c t _archiveUnmountDeviceStruct.part.0
001086fc 00000014 t archive_fchmod
00108710 00000014 t archive_statvfs
00108724 00000164 t _archiveMountDevice
00108888 000000e8 t archive_diropen
00108970 000000a4 t archive_fstat
00108a14 0000006c t archive_fsync
00108a80 0000006c t archive_close
00108aec 00000070 t archive_dirclose
00108b5c 000000e8 t sdmc_statvfs
00108c44 000000ec t archive_chdir
00108d30 0000007c t archive_ftruncate
00108dac 000000ac t archive_read
00108e58 000000a4 t archive_unlink
00108efc 000000bc t archive_rmdir
00108fb8 000000dc t archive_mkdir
00109094 00000194 t archive_stat
00109228 00000160 t archive_dirnext
00109388 00000124 t archive_write
001094ac 0000020c t archive_open
001096b8 00000278 t archive_rename
00109930 0000019c T archiveMountSdmc
00109acc 00000054 T archiveUnmountAll
00109b20 000000cc T fsInit
00109bec 0000003c T fsExit
00109c28 00000060 T fsExemptFromSession
00109c88 00000050 T fsUnexemptFromSession
00109cd8 000000cc T FSUSER_OpenFile
00109da4 000000bc T FSUSER_DeleteFile
00109e60 000000f8 T FSUSER_RenameFile
00109f58 000000bc T FSUSER_DeleteDirectory
0010a014 000000d4 T FSUSER_CreateFile
0010a0e8 000000c4 T FSUSER_CreateDirectory
0010a1ac 000000f8 T FSUSER_RenameDirectory
0010a2a4 000000b4 T FSUSER_OpenDirectory
0010a358 00000094 T FSUSER_OpenArchive
0010a3ec 0000008c T FSUSER_CloseArchive
0010a478 00000074 T FSUSER_GetSdmcArchiveResource
0010a4ec 00000064 T FSUSER_IsSdmcWritable
0010a550 00000058 T FSFILE_Read
0010a5a8 00000060 T FSFILE_Write
0010a608 00000038 T FSFILE_GetSize
0010a640 00000028 T FSFILE_SetSize
0010a668 0000003c T FSFILE_Close
0010a6a4 00000024 T FSFILE_Flush
0010a6c8 00000050 T FSDIR_Read
0010a718 0000003c T FSDIR_Close
0010a754 0000005c T rbtree_node_next
0010a7b0 0000013c T decode_utf8
0010a8ec 000000e8 T utf16_to_utf8
0010a9d4 000000c0 T utf8_to_utf16
0010aa94 T __aeabi_read_tp
0010aaa0 00000064 T decode_utf16
0010ab04 00000054 T encode_utf16
0010ab58 000000e0 T encode_utf8
0010ac38 00000120 T __udivmoddi4
0010ad58 000000e4 T strncmp
0010ae3c 0000001c T srand
0010ae58 00000044 T rand
0010ae9c 0000005c T strlen
0010aef8 0000001c T putchar
0010af14 000001d8 t _strtoul_l.isra.0
0010b0ec 00000034 T strtoul
0010b120 000000e4 T strncat
0010b204 00000078 T bsearch
0010b27c 00000020 T memalign
0010b29c 0000001c t stdio_exit_handler
0010b2b8 0000005c t cleanup_stdio
0010b314 00000154 t global_stdio_init.part.0
0010b468 0000005c T __sinit
0010b4c4 0000000c T __sfp_lock_acquire
0010b4d0 0000000c T __sfp_lock_release
0010b4dc 0000079c T _malloc_r
0010bc78 000000dc T _putc_r
0010bd54 000000f8 T _malloc_trim_r
0010be4c 000002e8 T _free_r
0010c134 0000025c T setvbuf
0010c390 00000048 T strnlen
0010c3d8 0000000c T __errno
0010c3e4 00000018 T malloc
0010c3fc 00000018 T free
0010c414 0000011c T memcpy
0010c530 00000034 T printf
0010c564 0000004c T time
0010c5b0 000000f4 T memset
0010c6a4 00000070 T _fwalk_sglue
0010c714 0000000c T __malloc_lock
0010c720 0000000c T __malloc_unlock
0010c72c 00000004 W __call_exitprocs
0010c730 00000030 T exit
0010c760 000000c4 T strncpy
0010c824 00000084 T __libc_init_array
0010c8a8 0000022c T __sflush_r
0010cad4 00000094 T _fflush_r
0010cb68 0000014c T _memalign_r
0010ccb4 00000108 T __swbuf_r
0010cdbc 0000003c T __libc_fini_array
0010cdf8 00000044 T __sread
0010ce3c 00000068 T __swrite
0010cea4 00000044 T __sseek
0010cee8 00000008 T __sclose
0010cef0 00000148 T _fclose_r
0010d038 0000064c t get_arg
0010d688 00003378 T _vfprintf_r
00110a00 000000b8 t __sbprintf
00110ab8 0000012c T __smakebuf_r
00110be4 0000008c T __swhatbuf_r
00110c70 000001b4 t quorem
00110e28 00001218 T _dtoa_r
00112040 000000a0 T _wcrtomb_r
001120e0 00000028 T _wcsrtombs_r
00112108 00000138 T __swsetup_r
00112240 00000088 T frexp
001122c8 0000005c T __assert_func
00112324 00000088 T _Balloc
001123ac 0000001c T _Bfree
001123c8 000000f4 T __multadd
001124bc 00000060 T __hi0bits
0011251c 0000009c T __lo0bits
001125b8 000000a4 T __i2b
0011265c 00000204 T __multiply
00112860 00000128 T __pow5mult
00112988 00000140 T __lshift
00112ac8 00000058 T __mcmp
00112b20 000001fc T __mdiff
00112d1c 00000124 T __d2b
00112e40 00000024 T __locale_mb_cur_max
00112e64 0000003c T fiprintf
00112ea0 000000e0 T memchr
00112f80 00000188 T _wcsnrtombs_l
00113108 00000064 T _wcsnrtombs_r
0011316c 000002f8 T __utf8_mbtowc
00113464 00000030 T __sprint_r
00113494 00000014 T abort
001134a8 00000024 T _localeconv_r
001134cc 000000c0 T _calloc_r
0011358c 000000f0 T __utf8_wctomb
0011367c 00000130 T strchr
001137ac 00000150 T memmove
001138fc 00000090 T _raise_r
0011398c 00000018 T raise
001139a4 000004b4 T __sfvwrite_r
00113e58 0000064c t get_arg
001144a4 00002300 T _vfiprintf_r
001167a4 000000b8 t __sbprintf
0011685c 000004a0 T _realloc_r
00116cfc 00000020 T _exit
00116d1c 0000013c T chdir
00116e58 000001cc T _concatenate_path
00117024 00000078 T _fstat_r
0011709c 00000014 T _getpid_r
001170b0 0000002c T __getreent
001170dc 00000030 T _gettimeofday_r
0011710c 0000003c T __get_handle
00117148 000000f4 T _close_r
0011723c 00000008 t null_write
00117244 00000018 T setDefaultDevice
0011725c 000000c8 T FindDevice
00117324 00000028 T RemoveDevice
0011734c 0000009c T AddDevice
001173e8 00000020 T GetDeviceOpTab
00117408 00000008 T _isatty_r
00117410 00000014 T _kill_r
00117424 00000084 T _lseek_r
001174a8 00000080 T _read_r
00117528 00000078 W _sbrk_r
001175a0 0000001c T __libc_lock_acquire
001175bc 0000001c T __libc_lock_release
001175d8 0000001c T __libc_lock_acquire_recursive
001175f4 0000001c T __libc_lock_release_recursive
00117610 00000080 T _write_r
00117690 00000048 T strrchr
001176d8 T _fini
001180cc r .LC2
001181f4 00000080 r dotab_stdout
00118274 00000018 r grayScale
0011828c 00000006 r colorCube
00118294 00000030 r colorTable
001182c4 00000008 r morton_y.2
001182cc 00000008 r morton_x.3
001182d4 00000008 r s_sleepWakeEvents.4
001182dc R default_font_bin
00118adc R default_font_bin_end
00118adc 00000030 r error_table
00118b0c 00000080 r archive_devoptab
00118b8c 00000101 R _ctype_
00118cc8 00000010 r zeroes.0
00118cd8 00000010 r blanks.1
00118ce8 0000006c R __action_table
00118d54 0000006c R __state_table
00118dc0 00000100 R __chclass
00118ec0 0000000c r p05.0
00118ed0 00000028 R __mprec_bigtens
00118ef8 000000c8 R __mprec_tens
00118fc0 00000010 r zeroes.0
00118fd0 00000010 r blanks.1
00118fe0 00000080 R dotab_stdnull
00119060 R __tdata_align
00119064 r __EH_FRAME_BEGIN__
00119064 R __exidx_end
00119064 R __exidx_start
0011a000 00000001 d firstConsoleInit.0
0011a004 00000004 D currentConsole
0011a008 00000048 D defaultConsole
0011a050 00000004 d aptChainloadDeliverArgSize
0011a054 00000004 d kCount
0011a058 00000004 d kInterval
0011a05c 00000004 d kDelay
0011a060 W __stacksize__
0011a064 00000004 D _impure_ptr
0011a068 00000120 D _impure_data
0011a188 0000000c D __sglue
0011a194 00000004 D __malloc_sbrk_base
0011a198 00000004 D __malloc_trim_threshold
0011a1a0 00000408 D __malloc_av_
0011a5a8 0000016c D __global_locale
0011a714 00000400 d _current_working_directory
0011ab14 00001000 d handles
0011bb14 0000000c d __stderr_handle
0011bb20 0000000c d __stdout_handle
0011bb2c 0000000c d __stdin_handle
0011bb38 0000008c D devoptab_list
0011bbc4 00000004 d defaultDevice
0011bbd0 d _GLOBAL_OFFSET_TABLE_
0011bbdc d __frame_dummy_init_array_entry
0011bbdc D __init_array_start
0011bbdc B __preinit_array_end
0011bbdc B __preinit_array_start
0011bbdc D __tdata_lma
0011bbdc D __tdata_lma_end
0011bbe0 d __do_global_dtors_aux_fini_array_entry
0011bbe0 D __fini_array_start
0011bbe0 D __init_array_end
0011bbe4 D __bss_start__
0011bbe4 D __fini_array_end
0011bbe4 00000001 B gameOver
0011bbe5 00000001 B dir
0011bbe8 00000004 B x
0011bbec 00000004 B y
0011bbf0 00000004 B fruitX
0011bbf4 00000004 B fruitY
0011bbf8 00000004 B score
0011bbfc 00000004 B nTail
0011bc00 00000190 B tailX
0011bd90 00000190 B tailY
0011bf20 b completed.1
0011bf24 b object.0
0011bf3c 0000001c b escapeSeq
0011bf58 00000048 B currentCopy
0011bfa0 00000004 b screenAlloc
0011bfa4 00000004 b screenFree
0011bfa8 00000002 b gfxIsDoubleBuf
0011bfac 00000002 b gfxCurBuf
0011bfae 00000001 b gfxIsVram
0011bfaf 00000001 b gfxTopMode
0011bfb0 00000002 b gfxFramebufferFormats
0011bfb4 00000004 b gfxBottomFramebufferMaxSize
0011bfb8 00000004 b gfxTopFramebufferMaxSize
0011bfc0 00000008 b gfxBottomFramebuffers
0011bfc8 00000008 b gfxTopFramebuffers
0011bfd0 00000001 b flagValue.0
0011bfd1 00000001 b flagInit.1
0011bfd4 00000004 b serviceName.6
0011bfd8 00000001 b aptChainloadFlags
0011bfd9 00000001 b aptChainloadMediatype
0011bfdc 00000020 b aptChainloadHmac
0011bffc 00000300 b aptChainloadDeliverArg
0011c300 00000008 b aptChainloadTid
0011c308 00001000 b aptParameters
0011d308 00000004 b aptFlags
0011d30c 00000001 b aptHomeButtonState
0011d310 00000004 b aptMessageFuncData
0011d314 00000004 b aptMessageFunc
0011d318 0000000c b aptFirstHook
0011d324 00000001 b aptEventHandlerThreadQuit
0011d328 00000004 b aptEventHandlerThread
0011d32c 00000008 b aptSleepEvent
0011d334 00000008 b aptReceiveEvent
0011d33c 00000008 b aptEvents
0011d344 00000004 b aptLockHandle
0011d348 00000004 b aptRefCount
0011d34c 00000007 b gspEventCbOneShot
0011d354 0000001c b gspEventCbData
0011d370 0000001c b gspEventCb
0011d38c 00000038 b gspEvents
0011d3c4 00000004 b gspLastEvent
0011d3c8 00000001 b gspRunEvents
0011d3cc 00000004 b gspEventThread
0011d3d0 00000004 b gspEvent
0011d3d4 00000001 b gspGpuRight
0011d3d5 00000001 b gspThreadId
0011d3d8 00000004 b gspSharedMem
0011d3dc 00000004 b gspSharedMemHandle
0011d3e0 00000004 b gspRefCount
0011d3e4 00000004 b gspGpuHandle
0011d3e8 00000001 b usingIrrst
0011d3ec 00000004 b hidRefCount
0011d3f0 00000006 b gRate
0011d3f8 00000006 b aVec
0011d400 00000004 b cPos
0011d404 00000004 b tPos
0011d408 00000004 b kRepeat
0011d40c 00000004 b kUp
0011d410 00000004 b kDown
0011d414 00000004 b kHeld
0011d418 00000004 b kOld
0011d41c 00000004 B hidSharedMem
0011d420 00000014 B hidEvents
0011d434 00000004 B hidMemHandle
0011d438 00000004 B hidHandle
0011d43c 00000004 b irrstRefCount
0011d440 00000004 b csPos
0011d444 00000004 b kHeld
0011d448 00000004 B irrstSharedMem
0011d44c 00000004 B irrstEvent
0011d450 00000004 B irrstMemHandle
0011d454 00000004 B irrstHandle
0011d458 00000004 B __system_retAddr
0011d45c 00000004 B __system_argv
0011d460 00000004 B __system_argc
0011d464 b saved_stack
0011d470 00000008 b sLinearPool
0011d478 0000000c b sAddrMap
0011d488 00000008 b sVramPoolB
0011d490 00000008 b sVramPoolA
0011d498 0000000c b sAddrMap
0011d4a4 00000004 B __3dslink_host
0011d4a8 00000001 V __ctru_speedup
0011d4ac 00000004 b srvRefCount
0011d4b0 00000004 b srvHandle
0011d4b4 00000004 b arbiter
0011d4b8 00000004 b currentAddr
0011d4bc 00000004 b maxAddr
0011d4c0 00000004 b minAddr
0011d4c4 00000004 b ptmSysmRefCount
0011d4c8 00000004 b ptmSysmHandle
0011d4cc 00000004 b srvPmHandle
0011d4d0 00000004 V __ctru_linear_heap_size
0011d4d4 00000004 V __ctru_heap_size
0011d4d8 00000004 B __ctru_linear_heap
0011d4dc 00000004 B __ctru_heap
0011d4e0 000005c0 b archive_devices
0011daa0 00000004 b archive_device_cwd
0011daa4 00000001 b archive_initialized
0011daa8 00000080 b fsExemptArchives
0011db28 00000004 b fsuRefCount
0011db2c 00000004 b fsuHandle
0011db30 0000000c b __sfp_recursive_mutex
0011db40 00000168 B __sf
0011dca8 00000004 B __stdio_exit_handler
0011dcac 00000028 B __malloc_current_mallinfo
0011dcd4 00000004 B __malloc_max_total_mem
0011dcd8 00000004 B __malloc_max_sbrked_mem
0011dcdc 00000004 B __malloc_top_pad
0011dce0 0000000c b __malloc_recursive_mutex
0011dcec 00000400 b temp_cwd
0011e0ec 00000004 b __hndl_lock
0011e0f0 00000004 B fake_heap_start
0011e0f4 00000004 B fake_heap_end
0011e0f8 00000004 b heap_start.0
0011e0fc B __tls_start
0011ed04 B __bss_end__
0011ed04 A __end__
0011ed04 B __tls_end
